<?xml version="1.0" encoding="UTF-8"?>
<coverage generated="1606737557280" clover="3.2.0">
  <project timestamp="1606737557280" name="All files">
    <metrics statements="191" coveredstatements="120" conditionals="104" coveredconditionals="62" methods="76" coveredmethods="44" elements="371" coveredelements="226" complexity="0" loc="191" ncloc="191" packages="3" files="11" classes="11"/>
    <package name="src">
      <metrics statements="31" coveredstatements="0" conditionals="8" coveredconditionals="0" methods="11" coveredmethods="0"/>
      <file name="App.vue" path="/Users/lukashirt/projects/file-picker/src/App.vue">
        <metrics statements="29" coveredstatements="0" conditionals="8" coveredconditionals="0" methods="11" coveredmethods="0"/>
        <line num="21" count="0" type="stmt"/>
        <line num="22" count="0" type="stmt"/>
        <line num="23" count="0" type="stmt"/>
        <line num="24" count="0" type="stmt"/>
        <line num="25" count="0" type="stmt"/>
        <line num="29" count="0" type="stmt"/>
        <line num="30" count="0" type="stmt"/>
        <line num="44" count="0" type="cond" truecount="0" falsecount="2"/>
        <line num="49" count="0" type="stmt"/>
        <line num="58" count="0" type="stmt"/>
        <line num="65" count="0" type="stmt"/>
        <line num="69" count="0" type="stmt"/>
        <line num="74" count="0" type="cond" truecount="0" falsecount="2"/>
        <line num="77" count="0" type="stmt"/>
        <line num="87" count="0" type="stmt"/>
        <line num="89" count="0" type="stmt"/>
        <line num="94" count="0" type="stmt"/>
        <line num="95" count="0" type="stmt"/>
        <line num="97" count="0" type="cond" truecount="0" falsecount="2"/>
        <line num="98" count="0" type="stmt"/>
        <line num="101" count="0" type="stmt"/>
        <line num="102" count="0" type="stmt"/>
        <line num="106" count="0" type="cond" truecount="0" falsecount="2"/>
        <line num="107" count="0" type="stmt"/>
        <line num="110" count="0" type="stmt"/>
        <line num="113" count="0" type="stmt"/>
        <line num="114" count="0" type="stmt"/>
        <line num="119" count="0" type="stmt"/>
        <line num="123" count="0" type="stmt"/>
      </file>
      <file name="vue.js" path="/Users/lukashirt/projects/file-picker/src/vue.js">
        <metrics statements="2" coveredstatements="0" conditionals="0" coveredconditionals="0" methods="0" coveredmethods="0"/>
        <line num="3" count="0" type="stmt"/>
        <line num="4" count="0" type="stmt"/>
      </file>
    </package>
    <package name="src.components">
      <metrics statements="85" coveredstatements="60" conditionals="36" coveredconditionals="18" methods="40" coveredmethods="28"/>
      <file name="FilePicker.vue" path="/Users/lukashirt/projects/file-picker/src/components/FilePicker.vue">
        <metrics statements="19" coveredstatements="16" conditionals="4" coveredconditionals="3" methods="12" coveredmethods="10"/>
        <line num="32" count="1" type="stmt"/>
        <line num="33" count="1" type="stmt"/>
        <line num="34" count="1" type="stmt"/>
        <line num="48" count="2" type="cond" truecount="1" falsecount="1"/>
        <line num="52" count="2" type="stmt"/>
        <line num="75" count="3" type="cond" truecount="2" falsecount="0"/>
        <line num="79" count="2" type="stmt"/>
        <line num="83" count="3" type="stmt"/>
        <line num="88" count="2" type="stmt"/>
        <line num="93" count="2" type="stmt"/>
        <line num="94" count="2" type="stmt"/>
        <line num="97" count="10" type="stmt"/>
        <line num="98" count="2" type="stmt"/>
        <line num="99" count="2" type="stmt"/>
        <line num="100" count="2" type="stmt"/>
        <line num="103" count="0" type="stmt"/>
        <line num="104" count="0" type="stmt"/>
        <line num="109" count="0" type="stmt"/>
        <line num="113" count="1" type="stmt"/>
      </file>
      <file name="ListHeader.vue" path="/Users/lukashirt/projects/file-picker/src/components/ListHeader.vue">
        <metrics statements="22" coveredstatements="17" conditionals="12" coveredconditionals="9" methods="8" coveredmethods="4"/>
        <line num="20" count="2" type="stmt"/>
        <line num="29" count="0" type="stmt"/>
        <line num="48" count="5" type="stmt"/>
        <line num="51" count="0" type="stmt"/>
        <line num="55" count="5" type="cond" truecount="2" falsecount="0"/>
        <line num="56" count="2" type="stmt"/>
        <line num="59" count="3" type="cond" truecount="2" falsecount="0"/>
        <line num="61" count="3" type="stmt"/>
        <line num="62" count="2" type="stmt"/>
        <line num="64" count="2" type="cond" truecount="2" falsecount="0"/>
        <line num="65" count="1" type="stmt"/>
        <line num="68" count="2" type="stmt"/>
        <line num="71" count="0" type="stmt"/>
        <line num="75" count="3" type="stmt"/>
        <line num="79" count="4" type="cond" truecount="2" falsecount="0"/>
        <line num="80" count="2" type="stmt"/>
        <line num="83" count="2" type="stmt"/>
        <line num="87" count="3" type="cond" truecount="1" falsecount="1"/>
        <line num="88" count="0" type="cond" truecount="0" falsecount="2"/>
        <line num="91" count="3" type="stmt"/>
        <line num="97" count="0" type="stmt"/>
        <line num="101" count="1" type="stmt"/>
      </file>
      <file name="ListResources.vue" path="/Users/lukashirt/projects/file-picker/src/components/ListResources.vue">
        <metrics statements="26" coveredstatements="19" conditionals="16" coveredconditionals="5" methods="10" coveredmethods="9"/>
        <line num="43" count="2" type="stmt"/>
        <line num="44" count="2" type="stmt"/>
        <line num="45" count="2" type="stmt"/>
        <line num="67" count="3" type="stmt"/>
        <line num="73" count="3" type="stmt"/>
        <line num="79" count="1" type="stmt"/>
        <line num="80" count="1" type="stmt"/>
        <line num="84" count="0" type="cond" truecount="0" falsecount="2"/>
        <line num="85" count="0" type="stmt"/>
        <line num="88" count="0" type="cond" truecount="0" falsecount="2"/>
        <line num="90" count="0" type="cond" truecount="0" falsecount="2"/>
        <line num="94" count="0" type="cond" truecount="0" falsecount="2"/>
        <line num="99" count="0" type="stmt"/>
        <line num="103" count="12" type="stmt"/>
        <line num="107" count="24" type="stmt"/>
        <line num="111" count="12" type="cond" truecount="1" falsecount="1"/>
        <line num="112" count="0" type="cond" truecount="0" falsecount="2"/>
        <line num="115" count="12" type="stmt"/>
        <line num="119" count="12" type="stmt"/>
        <line num="121" count="12" type="cond" truecount="2" falsecount="0"/>
        <line num="122" count="3" type="stmt"/>
        <line num="125" count="12" type="cond" truecount="2" falsecount="0"/>
        <line num="129" count="12" type="stmt"/>
        <line num="133" count="3" type="stmt"/>
        <line num="137" count="1" type="stmt"/>
        <line num="138" count="1" type="stmt"/>
      </file>
      <file name="Login.vue" path="/Users/lukashirt/projects/file-picker/src/components/Login.vue">
        <metrics statements="3" coveredstatements="0" conditionals="0" coveredconditionals="0" methods="2" coveredmethods="0"/>
        <line num="21" count="0" type="stmt"/>
        <line num="28" count="0" type="stmt"/>
        <line num="34" count="0" type="stmt"/>
      </file>
      <file name="Resource.vue" path="/Users/lukashirt/projects/file-picker/src/components/Resource.vue">
        <metrics statements="15" coveredstatements="8" conditionals="4" coveredconditionals="1" methods="8" coveredmethods="5"/>
        <line num="33" count="2" type="stmt"/>
        <line num="34" count="2" type="stmt"/>
        <line num="48" count="9" type="stmt"/>
        <line num="52" count="9" type="stmt"/>
        <line num="56" count="0" type="stmt"/>
        <line num="58" count="0" type="stmt"/>
        <line num="62" count="0" type="stmt"/>
        <line num="67" count="9" type="cond" truecount="1" falsecount="1"/>
        <line num="68" count="0" type="stmt"/>
        <line num="70" count="9" type="stmt"/>
        <line num="76" count="9" type="stmt"/>
        <line num="80" count="9" type="stmt"/>
        <line num="84" count="0" type="cond" truecount="0" falsecount="2"/>
        <line num="85" count="0" type="stmt"/>
        <line num="88" count="0" type="stmt"/>
      </file>
    </package>
    <package name="src.helpers">
      <metrics statements="75" coveredstatements="60" conditionals="60" coveredconditionals="44" methods="25" coveredmethods="16"/>
      <file name="date.js" path="/Users/lukashirt/projects/file-picker/src/helpers/date.js">
        <metrics statements="2" coveredstatements="2" conditionals="2" coveredconditionals="1" methods="1" coveredmethods="1"/>
        <line num="6" count="2" type="cond" truecount="1" falsecount="1"/>
        <line num="9" count="9" type="stmt"/>
      </file>
      <file name="resources.js" path="/Users/lukashirt/projects/file-picker/src/helpers/resources.js">
        <metrics statements="44" coveredstatements="31" conditionals="36" coveredconditionals="25" methods="21" coveredmethods="12"/>
        <line num="7" count="3" type="stmt"/>
        <line num="8" count="3" type="stmt"/>
        <line num="9" count="3" type="cond" truecount="1" falsecount="1"/>
        <line num="10" count="3" type="stmt"/>
        <line num="12" count="3" type="stmt"/>
        <line num="16" count="12" type="cond" truecount="2" falsecount="0"/>
        <line num="17" count="12" type="stmt"/>
        <line num="27" count="12" type="cond" truecount="2" falsecount="0"/>
        <line num="28" count="9" type="stmt"/>
        <line num="30" count="3" type="stmt"/>
        <line num="34" count="12" type="stmt"/>
        <line num="37" count="21" type="stmt"/>
        <line num="38" count="12" type="cond" truecount="2" falsecount="0"/>
        <line num="41" count="21" type="stmt"/>
        <line num="42" count="12" type="cond" truecount="2" falsecount="0"/>
        <line num="45" count="12" type="cond" truecount="2" falsecount="0"/>
        <line num="46" count="3" type="stmt"/>
        <line num="48" count="9" type="stmt"/>
        <line num="56" count="12" type="stmt"/>
        <line num="57" count="12" type="cond" truecount="1" falsecount="1"/>
        <line num="58" count="0" type="stmt"/>
        <line num="61" count="0" type="cond" truecount="0" falsecount="2"/>
        <line num="64" count="0" type="cond" truecount="0" falsecount="2"/>
        <line num="67" count="12" type="cond" truecount="2" falsecount="0"/>
        <line num="75" count="0" type="stmt"/>
        <line num="78" count="0" type="stmt"/>
        <line num="81" count="0" type="stmt"/>
        <line num="84" count="0" type="stmt"/>
        <line num="87" count="12" type="stmt"/>
        <line num="90" count="0" type="stmt"/>
        <line num="93" count="0" type="stmt"/>
        <line num="96" count="0" type="stmt"/>
        <line num="102" count="9" type="cond" truecount="1" falsecount="1"/>
        <line num="103" count="9" type="cond" truecount="2" falsecount="0"/>
        <line num="104" count="7" type="stmt"/>
        <line num="106" count="2" type="stmt"/>
        <line num="107" count="2" type="cond" truecount="1" falsecount="1"/>
        <line num="109" count="0" type="stmt"/>
        <line num="113" count="9" type="cond" truecount="1" falsecount="1"/>
        <line num="114" count="0" type="stmt"/>
        <line num="117" count="9" type="cond" truecount="1" falsecount="1"/>
        <line num="118" count="0" type="stmt"/>
        <line num="121" count="9" type="stmt"/>
        <line num="124" count="9" type="stmt"/>
      </file>
      <file name="sort.js" path="/Users/lukashirt/projects/file-picker/src/helpers/sort.js">
        <metrics statements="5" coveredstatements="4" conditionals="8" coveredconditionals="7" methods="1" coveredmethods="1"/>
        <line num="4" count="7" type="cond" truecount="3" falsecount="1"/>
        <line num="5" count="0" type="stmt"/>
        <line num="8" count="7" type="cond" truecount="4" falsecount="0"/>
        <line num="9" count="3" type="stmt"/>
        <line num="12" count="4" type="stmt"/>
      </file>
      <file name="textUtils.js" path="/Users/lukashirt/projects/file-picker/src/helpers/textUtils.js">
        <metrics statements="24" coveredstatements="23" conditionals="14" coveredconditionals="11" methods="2" coveredmethods="2"/>
        <line num="3" count="8" type="stmt"/>
        <line num="4" count="8" type="stmt"/>
        <line num="5" count="8" type="stmt"/>
        <line num="6" count="8" type="stmt"/>
        <line num="9" count="8" type="stmt"/>
        <line num="10" count="54" type="stmt"/>
        <line num="12" count="54" type="cond" truecount="4" falsecount="0"/>
        <line num="13" count="54" type="cond" truecount="2" falsecount="0"/>
        <line num="15" count="7" type="stmt"/>
        <line num="16" count="7" type="stmt"/>
        <line num="17" count="7" type="stmt"/>
        <line num="19" count="54" type="stmt"/>
        <line num="20" count="54" type="stmt"/>
        <line num="22" count="8" type="stmt"/>
        <line num="33" count="4" type="stmt"/>
        <line num="34" count="4" type="stmt"/>
        <line num="37" count="4" type="cond" truecount="2" falsecount="0"/>
        <line num="38" count="3" type="cond" truecount="1" falsecount="1"/>
        <line num="39" count="3" type="stmt"/>
        <line num="40" count="3" type="stmt"/>
        <line num="43" count="3" type="cond" truecount="2" falsecount="2"/>
        <line num="44" count="0" type="stmt"/>
        <line num="51" count="3" type="stmt"/>
        <line num="55" count="1" type="stmt"/>
      </file>
    </package>
  </project>
</coverage>
