{"/Users/lukashirt/projects/file-picker/src/App.vue": {"path":"/Users/lukashirt/projects/file-picker/src/App.vue","statementMap":{"0":{"start":{"line":21,"column":0},"end":{"line":21,"column":null}},"1":{"start":{"line":22,"column":0},"end":{"line":22,"column":null}},"2":{"start":{"line":23,"column":0},"end":{"line":23,"column":null}},"3":{"start":{"line":24,"column":0},"end":{"line":24,"column":null}},"4":{"start":{"line":25,"column":0},"end":{"line":25,"column":null}},"5":{"start":{"line":29,"column":0},"end":{"line":29,"column":null}},"6":{"start":{"line":30,"column":0},"end":{"line":30,"column":null}},"7":{"start":{"line":44,"column":0},"end":{"line":44,"column":null}},"8":{"start":{"line":49,"column":0},"end":{"line":49,"column":null}},"9":{"start":{"line":58,"column":0},"end":{"line":58,"column":null}},"10":{"start":{"line":65,"column":0},"end":{"line":65,"column":null}},"11":{"start":{"line":69,"column":0},"end":{"line":69,"column":null}},"12":{"start":{"line":74,"column":0},"end":{"line":74,"column":null}},"13":{"start":{"line":77,"column":0},"end":{"line":77,"column":null}},"14":{"start":{"line":87,"column":0},"end":{"line":87,"column":null}},"15":{"start":{"line":89,"column":0},"end":{"line":89,"column":null}},"16":{"start":{"line":94,"column":0},"end":{"line":94,"column":null}},"17":{"start":{"line":95,"column":0},"end":{"line":95,"column":null}},"18":{"start":{"line":97,"column":0},"end":{"line":99,"column":null}},"19":{"start":{"line":98,"column":0},"end":{"line":98,"column":null}},"20":{"start":{"line":101,"column":0},"end":{"line":101,"column":null}},"21":{"start":{"line":102,"column":0},"end":{"line":102,"column":null}},"22":{"start":{"line":106,"column":0},"end":{"line":108,"column":null}},"23":{"start":{"line":107,"column":0},"end":{"line":107,"column":null}},"24":{"start":{"line":110,"column":0},"end":{"line":110,"column":null}},"25":{"start":{"line":113,"column":0},"end":{"line":115,"column":null}},"26":{"start":{"line":114,"column":0},"end":{"line":114,"column":null}},"27":{"start":{"line":119,"column":0},"end":{"line":119,"column":null}},"28":{"start":{"line":123,"column":0},"end":{"line":123,"column":null}}},"fnMap":{"0":{"name":"(anonymous_1)","decl":{"start":{"line":44,"column":0},"end":{"line":44,"column":null}},"loc":{"start":{"line":44,"column":0},"end":{"line":44,"column":null}}},"1":{"name":"(anonymous_2)","decl":{"start":{"line":49,"column":0},"end":{"line":49,"column":null}},"loc":{"start":{"line":49,"column":0},"end":{"line":49,"column":null}}},"2":{"name":"(anonymous_3)","decl":{"start":{"line":58,"column":0},"end":{"line":58,"column":null}},"loc":{"start":{"line":58,"column":0},"end":{"line":58,"column":null}}},"3":{"name":"(anonymous_4)","decl":{"start":{"line":64,"column":0},"end":{"line":64,"column":null}},"loc":{"start":{"line":64,"column":0},"end":{"line":66,"column":null}}},"4":{"name":"(anonymous_5)","decl":{"start":{"line":68,"column":0},"end":{"line":68,"column":null}},"loc":{"start":{"line":68,"column":0},"end":{"line":70,"column":null}}},"5":{"name":"(anonymous_6)","decl":{"start":{"line":73,"column":0},"end":{"line":73,"column":null}},"loc":{"start":{"line":73,"column":0},"end":{"line":90,"column":null}}},"6":{"name":"(anonymous_7)","decl":{"start":{"line":92,"column":0},"end":{"line":92,"column":null}},"loc":{"start":{"line":92,"column":0},"end":{"line":103,"column":null}}},"7":{"name":"(anonymous_8)","decl":{"start":{"line":105,"column":0},"end":{"line":105,"column":null}},"loc":{"start":{"line":105,"column":0},"end":{"line":116,"column":null}}},"8":{"name":"(anonymous_9)","decl":{"start":{"line":113,"column":0},"end":{"line":113,"column":null}},"loc":{"start":{"line":113,"column":0},"end":{"line":115,"column":null}}},"9":{"name":"(anonymous_10)","decl":{"start":{"line":118,"column":0},"end":{"line":118,"column":null}},"loc":{"start":{"line":118,"column":0},"end":{"line":120,"column":null}}},"10":{"name":"(anonymous_11)","decl":{"start":{"line":122,"column":0},"end":{"line":122,"column":null}},"loc":{"start":{"line":122,"column":0},"end":{"line":124,"column":null}}}},"branchMap":{"0":{"loc":{"start":{"line":44,"column":0},"end":{"line":44,"column":null}},"type":"binary-expr","locations":[{"start":{"line":44,"column":0},"end":{"line":44,"column":null}},{"start":{"line":44,"column":0},"end":{"line":44,"column":null}}]},"1":{"loc":{"start":{"line":74,"column":0},"end":{"line":74,"column":null}},"type":"binary-expr","locations":[{"start":{"line":74,"column":0},"end":{"line":74,"column":null}},{"start":{"line":74,"column":0},"end":{"line":74,"column":null}}]},"2":{"loc":{"start":{"line":97,"column":0},"end":{"line":99,"column":null}},"type":"if","locations":[{"start":{"line":97,"column":0},"end":{"line":99,"column":null}},{"start":{"line":97,"column":0},"end":{"line":99,"column":null}}]},"3":{"loc":{"start":{"line":106,"column":0},"end":{"line":108,"column":null}},"type":"if","locations":[{"start":{"line":106,"column":0},"end":{"line":108,"column":null}},{"start":{"line":106,"column":0},"end":{"line":108,"column":null}}]}},"s":{"0":0,"1":0,"2":0,"3":0,"4":0,"5":0,"6":0,"7":0,"8":0,"9":0,"10":0,"11":0,"12":0,"13":0,"14":0,"15":0,"16":0,"17":0,"18":0,"19":0,"20":0,"21":0,"22":0,"23":0,"24":0,"25":0,"26":0,"27":0,"28":0},"f":{"0":0,"1":0,"2":0,"3":0,"4":0,"5":0,"6":0,"7":0,"8":0,"9":0,"10":0},"b":{"0":[0,0],"1":[0,0],"2":[0,0],"3":[0,0]}}
,"/Users/lukashirt/projects/file-picker/src/vue.js": {"path":"/Users/lukashirt/projects/file-picker/src/vue.js","statementMap":{"0":{"start":{"line":3,"column":0},"end":{"line":3,"column":32}},"1":{"start":{"line":4,"column":0},"end":{"line":4,"column":16}}},"fnMap":{},"branchMap":{},"s":{"0":0,"1":0},"f":{},"b":{},"hash":"d910f97be034e1a2099bfaf328d9051e9d1c4c51"}
,"/Users/lukashirt/projects/file-picker/src/components/FilePicker.vue": {"path":"/Users/lukashirt/projects/file-picker/src/components/FilePicker.vue","statementMap":{"0":{"start":{"line":32,"column":0},"end":{"line":32,"column":null}},"1":{"start":{"line":33,"column":0},"end":{"line":33,"column":null}},"2":{"start":{"line":34,"column":0},"end":{"line":34,"column":null}},"3":{"start":{"line":48,"column":0},"end":{"line":48,"column":null}},"4":{"start":{"line":52,"column":0},"end":{"line":52,"column":null}},"5":{"start":{"line":75,"column":0},"end":{"line":75,"column":null}},"6":{"start":{"line":79,"column":0},"end":{"line":79,"column":null}},"7":{"start":{"line":83,"column":0},"end":{"line":83,"column":null}},"8":{"start":{"line":88,"column":0},"end":{"line":88,"column":null}},"9":{"start":{"line":93,"column":0},"end":{"line":93,"column":null}},"10":{"start":{"line":94,"column":0},"end":{"line":105,"column":null}},"11":{"start":{"line":97,"column":0},"end":{"line":97,"column":null}},"12":{"start":{"line":98,"column":0},"end":{"line":98,"column":null}},"13":{"start":{"line":99,"column":0},"end":{"line":99,"column":null}},"14":{"start":{"line":100,"column":0},"end":{"line":100,"column":null}},"15":{"start":{"line":103,"column":0},"end":{"line":103,"column":null}},"16":{"start":{"line":104,"column":0},"end":{"line":104,"column":null}},"17":{"start":{"line":109,"column":0},"end":{"line":109,"column":null}},"18":{"start":{"line":113,"column":0},"end":{"line":113,"column":null}}},"fnMap":{"0":{"name":"(anonymous_1)","decl":{"start":{"line":48,"column":0},"end":{"line":48,"column":null}},"loc":{"start":{"line":48,"column":0},"end":{"line":48,"column":null}}},"1":{"name":"(anonymous_2)","decl":{"start":{"line":52,"column":0},"end":{"line":52,"column":null}},"loc":{"start":{"line":52,"column":0},"end":{"line":52,"column":null}}},"2":{"name":"(anonymous_3)","decl":{"start":{"line":74,"column":0},"end":{"line":74,"column":null}},"loc":{"start":{"line":74,"column":0},"end":{"line":76,"column":null}}},"3":{"name":"(anonymous_4)","decl":{"start":{"line":78,"column":0},"end":{"line":78,"column":null}},"loc":{"start":{"line":78,"column":0},"end":{"line":80,"column":null}}},"4":{"name":"(anonymous_5)","decl":{"start":{"line":82,"column":0},"end":{"line":82,"column":null}},"loc":{"start":{"line":82,"column":0},"end":{"line":84,"column":null}}},"5":{"name":"(anonymous_6)","decl":{"start":{"line":87,"column":0},"end":{"line":87,"column":null}},"loc":{"start":{"line":87,"column":0},"end":{"line":89,"column":null}}},"6":{"name":"(anonymous_7)","decl":{"start":{"line":92,"column":0},"end":{"line":92,"column":null}},"loc":{"start":{"line":92,"column":0},"end":{"line":106,"column":null}}},"7":{"name":"(anonymous_8)","decl":{"start":{"line":94,"column":0},"end":{"line":94,"column":null}},"loc":{"start":{"line":94,"column":0},"end":{"line":101,"column":null}}},"8":{"name":"(anonymous_9)","decl":{"start":{"line":97,"column":0},"end":{"line":97,"column":null}},"loc":{"start":{"line":97,"column":0},"end":{"line":97,"column":null}}},"9":{"name":"(anonymous_10)","decl":{"start":{"line":101,"column":0},"end":{"line":101,"column":null}},"loc":{"start":{"line":101,"column":0},"end":{"line":105,"column":null}}},"10":{"name":"(anonymous_11)","decl":{"start":{"line":108,"column":0},"end":{"line":108,"column":null}},"loc":{"start":{"line":108,"column":0},"end":{"line":110,"column":null}}},"11":{"name":"(anonymous_12)","decl":{"start":{"line":112,"column":0},"end":{"line":112,"column":null}},"loc":{"start":{"line":112,"column":0},"end":{"line":114,"column":null}}}},"branchMap":{"0":{"loc":{"start":{"line":48,"column":0},"end":{"line":48,"column":null}},"type":"binary-expr","locations":[{"start":{"line":48,"column":0},"end":{"line":48,"column":null}},{"start":{"line":48,"column":0},"end":{"line":48,"column":null}}]},"1":{"loc":{"start":{"line":75,"column":0},"end":{"line":75,"column":null}},"type":"binary-expr","locations":[{"start":{"line":75,"column":0},"end":{"line":75,"column":null}},{"start":{"line":75,"column":0},"end":{"line":75,"column":null}}]}},"s":{"0":1,"1":1,"2":1,"3":2,"4":2,"5":3,"6":2,"7":3,"8":2,"9":2,"10":2,"11":10,"12":2,"13":2,"14":2,"15":0,"16":0,"17":0,"18":1},"f":{"0":2,"1":2,"2":3,"3":2,"4":3,"5":2,"6":2,"7":2,"8":8,"9":0,"10":0,"11":1},"b":{"0":[2,0],"1":[3,3]}}
,"/Users/lukashirt/projects/file-picker/src/components/ListHeader.vue": {"path":"/Users/lukashirt/projects/file-picker/src/components/ListHeader.vue","statementMap":{"0":{"start":{"line":20,"column":0},"end":{"line":20,"column":null}},"1":{"start":{"line":29,"column":0},"end":{"line":29,"column":null}},"2":{"start":{"line":48,"column":0},"end":{"line":49,"column":null}},"3":{"start":{"line":51,"column":0},"end":{"line":51,"column":null}},"4":{"start":{"line":55,"column":0},"end":{"line":57,"column":null}},"5":{"start":{"line":56,"column":0},"end":{"line":56,"column":null}},"6":{"start":{"line":59,"column":0},"end":{"line":59,"column":null}},"7":{"start":{"line":61,"column":0},"end":{"line":73,"column":null}},"8":{"start":{"line":61,"column":0},"end":{"line":61,"column":null}},"9":{"start":{"line":62,"column":0},"end":{"line":62,"column":null}},"10":{"start":{"line":64,"column":0},"end":{"line":66,"column":null}},"11":{"start":{"line":65,"column":0},"end":{"line":65,"column":null}},"12":{"start":{"line":68,"column":0},"end":{"line":68,"column":null}},"13":{"start":{"line":71,"column":0},"end":{"line":71,"column":null}},"14":{"start":{"line":75,"column":0},"end":{"line":75,"column":null}},"15":{"start":{"line":79,"column":0},"end":{"line":81,"column":null}},"16":{"start":{"line":80,"column":0},"end":{"line":80,"column":null}},"17":{"start":{"line":83,"column":0},"end":{"line":83,"column":null}},"18":{"start":{"line":87,"column":0},"end":{"line":89,"column":null}},"19":{"start":{"line":88,"column":0},"end":{"line":88,"column":null}},"20":{"start":{"line":91,"column":0},"end":{"line":91,"column":null}},"21":{"start":{"line":97,"column":0},"end":{"line":97,"column":null}},"22":{"start":{"line":101,"column":0},"end":{"line":101,"column":null}}},"fnMap":{"0":{"name":"(anonymous_1)","decl":{"start":{"line":29,"column":0},"end":{"line":29,"column":null}},"loc":{"start":{"line":29,"column":0},"end":{"line":29,"column":null}}},"1":{"name":"(anonymous_2)","decl":{"start":{"line":47,"column":0},"end":{"line":47,"column":null}},"loc":{"start":{"line":47,"column":0},"end":{"line":76,"column":null}}},"2":{"name":"(anonymous_3)","decl":{"start":{"line":51,"column":0},"end":{"line":51,"column":null}},"loc":{"start":{"line":51,"column":0},"end":{"line":51,"column":null}}},"3":{"name":"(anonymous_4)","decl":{"start":{"line":71,"column":0},"end":{"line":71,"column":null}},"loc":{"start":{"line":71,"column":0},"end":{"line":71,"column":null}}},"4":{"name":"(anonymous_5)","decl":{"start":{"line":78,"column":0},"end":{"line":78,"column":null}},"loc":{"start":{"line":78,"column":0},"end":{"line":84,"column":null}}},"5":{"name":"(anonymous_6)","decl":{"start":{"line":86,"column":0},"end":{"line":86,"column":null}},"loc":{"start":{"line":86,"column":0},"end":{"line":92,"column":null}}},"6":{"name":"(anonymous_7)","decl":{"start":{"line":96,"column":0},"end":{"line":96,"column":null}},"loc":{"start":{"line":96,"column":0},"end":{"line":98,"column":null}}},"7":{"name":"(anonymous_8)","decl":{"start":{"line":100,"column":0},"end":{"line":100,"column":null}},"loc":{"start":{"line":100,"column":0},"end":{"line":102,"column":null}}}},"branchMap":{"0":{"loc":{"start":{"line":55,"column":0},"end":{"line":57,"column":null}},"type":"if","locations":[{"start":{"line":55,"column":0},"end":{"line":57,"column":null}},{"start":{"line":55,"column":0},"end":{"line":57,"column":null}}]},"1":{"loc":{"start":{"line":59,"column":0},"end":{"line":59,"column":null}},"type":"cond-expr","locations":[{"start":{"line":59,"column":0},"end":{"line":59,"column":null}},{"start":{"line":59,"column":0},"end":{"line":59,"column":null}}]},"2":{"loc":{"start":{"line":64,"column":0},"end":{"line":66,"column":null}},"type":"if","locations":[{"start":{"line":64,"column":0},"end":{"line":66,"column":null}},{"start":{"line":64,"column":0},"end":{"line":66,"column":null}}]},"3":{"loc":{"start":{"line":79,"column":0},"end":{"line":81,"column":null}},"type":"if","locations":[{"start":{"line":79,"column":0},"end":{"line":81,"column":null}},{"start":{"line":79,"column":0},"end":{"line":81,"column":null}}]},"4":{"loc":{"start":{"line":87,"column":0},"end":{"line":89,"column":null}},"type":"if","locations":[{"start":{"line":87,"column":0},"end":{"line":89,"column":null}},{"start":{"line":87,"column":0},"end":{"line":89,"column":null}}]},"5":{"loc":{"start":{"line":88,"column":0},"end":{"line":88,"column":null}},"type":"cond-expr","locations":[{"start":{"line":88,"column":0},"end":{"line":88,"column":null}},{"start":{"line":88,"column":0},"end":{"line":88,"column":null}}]}},"s":{"0":2,"1":0,"2":5,"3":0,"4":5,"5":2,"6":3,"7":3,"8":3,"9":2,"10":2,"11":1,"12":2,"13":0,"14":3,"15":4,"16":2,"17":2,"18":3,"19":0,"20":3,"21":0,"22":1},"f":{"0":0,"1":5,"2":0,"3":0,"4":4,"5":3,"6":0,"7":1},"b":{"0":[2,3],"1":[1,2],"2":[1,1],"3":[2,2],"4":[0,3],"5":[0,0]}}
,"/Users/lukashirt/projects/file-picker/src/components/ListResources.vue": {"path":"/Users/lukashirt/projects/file-picker/src/components/ListResources.vue","statementMap":{"0":{"start":{"line":43,"column":0},"end":{"line":43,"column":null}},"1":{"start":{"line":44,"column":0},"end":{"line":44,"column":null}},"2":{"start":{"line":45,"column":0},"end":{"line":45,"column":null}},"3":{"start":{"line":67,"column":0},"end":{"line":67,"column":null}},"4":{"start":{"line":73,"column":0},"end":{"line":73,"column":null}},"5":{"start":{"line":79,"column":0},"end":{"line":79,"column":null}},"6":{"start":{"line":80,"column":0},"end":{"line":80,"column":null}},"7":{"start":{"line":84,"column":0},"end":{"line":86,"column":null}},"8":{"start":{"line":85,"column":0},"end":{"line":85,"column":null}},"9":{"start":{"line":88,"column":0},"end":{"line":97,"column":null}},"10":{"start":{"line":90,"column":0},"end":{"line":90,"column":null}},"11":{"start":{"line":94,"column":0},"end":{"line":94,"column":null}},"12":{"start":{"line":99,"column":0},"end":{"line":99,"column":null}},"13":{"start":{"line":103,"column":0},"end":{"line":103,"column":null}},"14":{"start":{"line":107,"column":0},"end":{"line":107,"column":null}},"15":{"start":{"line":111,"column":0},"end":{"line":113,"column":null}},"16":{"start":{"line":112,"column":0},"end":{"line":112,"column":null}},"17":{"start":{"line":115,"column":0},"end":{"line":115,"column":null}},"18":{"start":{"line":119,"column":0},"end":{"line":119,"column":null}},"19":{"start":{"line":121,"column":0},"end":{"line":123,"column":null}},"20":{"start":{"line":122,"column":0},"end":{"line":122,"column":null}},"21":{"start":{"line":125,"column":0},"end":{"line":125,"column":null}},"22":{"start":{"line":129,"column":0},"end":{"line":129,"column":null}},"23":{"start":{"line":133,"column":0},"end":{"line":133,"column":null}},"24":{"start":{"line":137,"column":0},"end":{"line":137,"column":null}},"25":{"start":{"line":138,"column":0},"end":{"line":138,"column":null}}},"fnMap":{"0":{"name":"(anonymous_1)","decl":{"start":{"line":67,"column":0},"end":{"line":67,"column":null}},"loc":{"start":{"line":67,"column":0},"end":{"line":67,"column":null}}},"1":{"name":"(anonymous_2)","decl":{"start":{"line":72,"column":0},"end":{"line":72,"column":null}},"loc":{"start":{"line":72,"column":0},"end":{"line":74,"column":null}}},"2":{"name":"(anonymous_3)","decl":{"start":{"line":78,"column":0},"end":{"line":78,"column":null}},"loc":{"start":{"line":78,"column":0},"end":{"line":81,"column":null}}},"3":{"name":"(anonymous_4)","decl":{"start":{"line":83,"column":0},"end":{"line":83,"column":null}},"loc":{"start":{"line":83,"column":0},"end":{"line":100,"column":null}}},"4":{"name":"(anonymous_5)","decl":{"start":{"line":102,"column":0},"end":{"line":102,"column":null}},"loc":{"start":{"line":102,"column":0},"end":{"line":104,"column":null}}},"5":{"name":"(anonymous_6)","decl":{"start":{"line":106,"column":0},"end":{"line":106,"column":null}},"loc":{"start":{"line":106,"column":0},"end":{"line":108,"column":null}}},"6":{"name":"(anonymous_7)","decl":{"start":{"line":110,"column":0},"end":{"line":110,"column":null}},"loc":{"start":{"line":110,"column":0},"end":{"line":116,"column":null}}},"7":{"name":"(anonymous_8)","decl":{"start":{"line":118,"column":0},"end":{"line":118,"column":null}},"loc":{"start":{"line":118,"column":0},"end":{"line":130,"column":null}}},"8":{"name":"(anonymous_9)","decl":{"start":{"line":132,"column":0},"end":{"line":132,"column":null}},"loc":{"start":{"line":132,"column":0},"end":{"line":134,"column":null}}},"9":{"name":"(anonymous_10)","decl":{"start":{"line":136,"column":0},"end":{"line":136,"column":null}},"loc":{"start":{"line":136,"column":0},"end":{"line":139,"column":null}}}},"branchMap":{"0":{"loc":{"start":{"line":84,"column":0},"end":{"line":86,"column":null}},"type":"if","locations":[{"start":{"line":84,"column":0},"end":{"line":86,"column":null}},{"start":{"line":84,"column":0},"end":{"line":86,"column":null}}]},"1":{"loc":{"start":{"line":88,"column":0},"end":{"line":97,"column":null}},"type":"if","locations":[{"start":{"line":88,"column":0},"end":{"line":97,"column":null}},{"start":{"line":88,"column":0},"end":{"line":97,"column":null}}]},"2":{"loc":{"start":{"line":90,"column":0},"end":{"line":90,"column":null}},"type":"cond-expr","locations":[{"start":{"line":90,"column":0},"end":{"line":90,"column":null}},{"start":{"line":90,"column":0},"end":{"line":90,"column":null}}]},"3":{"loc":{"start":{"line":94,"column":0},"end":{"line":94,"column":null}},"type":"cond-expr","locations":[{"start":{"line":94,"column":0},"end":{"line":94,"column":null}},{"start":{"line":94,"column":0},"end":{"line":94,"column":null}}]},"4":{"loc":{"start":{"line":111,"column":0},"end":{"line":113,"column":null}},"type":"if","locations":[{"start":{"line":111,"column":0},"end":{"line":113,"column":null}},{"start":{"line":111,"column":0},"end":{"line":113,"column":null}}]},"5":{"loc":{"start":{"line":112,"column":0},"end":{"line":112,"column":null}},"type":"binary-expr","locations":[{"start":{"line":112,"column":0},"end":{"line":112,"column":null}},{"start":{"line":112,"column":0},"end":{"line":112,"column":null}}]},"6":{"loc":{"start":{"line":121,"column":0},"end":{"line":123,"column":null}},"type":"if","locations":[{"start":{"line":121,"column":0},"end":{"line":123,"column":null}},{"start":{"line":121,"column":0},"end":{"line":123,"column":null}}]},"7":{"loc":{"start":{"line":125,"column":0},"end":{"line":125,"column":null}},"type":"cond-expr","locations":[{"start":{"line":125,"column":0},"end":{"line":125,"column":null}},{"start":{"line":125,"column":0},"end":{"line":125,"column":null}}]}},"s":{"0":2,"1":2,"2":2,"3":3,"4":3,"5":1,"6":1,"7":0,"8":0,"9":0,"10":0,"11":0,"12":0,"13":12,"14":24,"15":12,"16":0,"17":12,"18":12,"19":12,"20":3,"21":12,"22":12,"23":3,"24":1,"25":1},"f":{"0":3,"1":3,"2":1,"3":0,"4":12,"5":24,"6":12,"7":12,"8":3,"9":1},"b":{"0":[0,0],"1":[0,0],"2":[0,0],"3":[0,0],"4":[0,12],"5":[0,0],"6":[3,9],"7":[2,10]}}
,"/Users/lukashirt/projects/file-picker/src/components/Login.vue": {"path":"/Users/lukashirt/projects/file-picker/src/components/Login.vue","statementMap":{"0":{"start":{"line":21,"column":0},"end":{"line":21,"column":null}},"1":{"start":{"line":28,"column":0},"end":{"line":28,"column":null}},"2":{"start":{"line":34,"column":0},"end":{"line":34,"column":null}}},"fnMap":{"0":{"name":"(anonymous_1)","decl":{"start":{"line":27,"column":0},"end":{"line":27,"column":null}},"loc":{"start":{"line":27,"column":0},"end":{"line":29,"column":null}}},"1":{"name":"(anonymous_2)","decl":{"start":{"line":33,"column":0},"end":{"line":33,"column":null}},"loc":{"start":{"line":33,"column":0},"end":{"line":35,"column":null}}}},"branchMap":{},"s":{"0":0,"1":0,"2":0},"f":{"0":0,"1":0},"b":{}}
,"/Users/lukashirt/projects/file-picker/src/components/Resource.vue": {"path":"/Users/lukashirt/projects/file-picker/src/components/Resource.vue","statementMap":{"0":{"start":{"line":33,"column":0},"end":{"line":33,"column":null}},"1":{"start":{"line":34,"column":0},"end":{"line":34,"column":null}},"2":{"start":{"line":48,"column":0},"end":{"line":48,"column":null}},"3":{"start":{"line":52,"column":0},"end":{"line":52,"column":null}},"4":{"start":{"line":56,"column":0},"end":{"line":56,"column":null}},"5":{"start":{"line":58,"column":0},"end":{"line":58,"column":null}},"6":{"start":{"line":62,"column":0},"end":{"line":62,"column":null}},"7":{"start":{"line":67,"column":0},"end":{"line":71,"column":null}},"8":{"start":{"line":68,"column":0},"end":{"line":68,"column":null}},"9":{"start":{"line":70,"column":0},"end":{"line":70,"column":null}},"10":{"start":{"line":76,"column":0},"end":{"line":76,"column":null}},"11":{"start":{"line":80,"column":0},"end":{"line":80,"column":null}},"12":{"start":{"line":84,"column":0},"end":{"line":86,"column":null}},"13":{"start":{"line":85,"column":0},"end":{"line":85,"column":null}},"14":{"start":{"line":88,"column":0},"end":{"line":88,"column":null}}},"fnMap":{"0":{"name":"(anonymous_1)","decl":{"start":{"line":47,"column":0},"end":{"line":47,"column":null}},"loc":{"start":{"line":47,"column":0},"end":{"line":49,"column":null}}},"1":{"name":"(anonymous_2)","decl":{"start":{"line":51,"column":0},"end":{"line":51,"column":null}},"loc":{"start":{"line":51,"column":0},"end":{"line":53,"column":null}}},"2":{"name":"(anonymous_3)","decl":{"start":{"line":55,"column":0},"end":{"line":55,"column":null}},"loc":{"start":{"line":55,"column":0},"end":{"line":59,"column":null}}},"3":{"name":"(anonymous_4)","decl":{"start":{"line":61,"column":0},"end":{"line":61,"column":null}},"loc":{"start":{"line":61,"column":0},"end":{"line":63,"column":null}}},"4":{"name":"(anonymous_5)","decl":{"start":{"line":66,"column":0},"end":{"line":66,"column":null}},"loc":{"start":{"line":66,"column":0},"end":{"line":72,"column":null}}},"5":{"name":"(anonymous_6)","decl":{"start":{"line":75,"column":0},"end":{"line":75,"column":null}},"loc":{"start":{"line":75,"column":0},"end":{"line":77,"column":null}}},"6":{"name":"(anonymous_7)","decl":{"start":{"line":79,"column":0},"end":{"line":79,"column":null}},"loc":{"start":{"line":79,"column":0},"end":{"line":81,"column":null}}},"7":{"name":"(anonymous_8)","decl":{"start":{"line":83,"column":0},"end":{"line":83,"column":null}},"loc":{"start":{"line":83,"column":0},"end":{"line":89,"column":null}}}},"branchMap":{"0":{"loc":{"start":{"line":67,"column":0},"end":{"line":71,"column":null}},"type":"if","locations":[{"start":{"line":67,"column":0},"end":{"line":71,"column":null}},{"start":{"line":67,"column":0},"end":{"line":71,"column":null}}]},"1":{"loc":{"start":{"line":84,"column":0},"end":{"line":86,"column":null}},"type":"if","locations":[{"start":{"line":84,"column":0},"end":{"line":86,"column":null}},{"start":{"line":84,"column":0},"end":{"line":86,"column":null}}]}},"s":{"0":2,"1":2,"2":9,"3":9,"4":0,"5":0,"6":0,"7":9,"8":0,"9":9,"10":9,"11":9,"12":0,"13":0,"14":0},"f":{"0":9,"1":9,"2":0,"3":0,"4":9,"5":9,"6":9,"7":0},"b":{"0":[0,9],"1":[0,0]}}
,"/Users/lukashirt/projects/file-picker/src/helpers/date.js": {"path":"/Users/lukashirt/projects/file-picker/src/helpers/date.js","statementMap":{"0":{"start":{"line":6,"column":27},"end":{"line":6,"column":71}},"1":{"start":{"line":9,"column":2},"end":{"line":11,"column":14}}},"fnMap":{"0":{"name":"formDateFromNow","decl":{"start":{"line":8,"column":16},"end":{"line":8,"column":31}},"loc":{"start":{"line":8,"column":38},"end":{"line":12,"column":1}},"line":8}},"branchMap":{"0":{"loc":{"start":{"line":6,"column":27},"end":{"line":6,"column":71}},"type":"binary-expr","locations":[{"start":{"line":6,"column":27},"end":{"line":6,"column":45}},{"start":{"line":6,"column":49},"end":{"line":6,"column":71}}],"line":6}},"s":{"0":2,"1":9},"f":{"0":9},"b":{"0":[2,0]},"_coverageSchema":"43e27e138ebf9cfc5966b082cf9a028302ed4184","hash":"1715de1d1747273bb77ab1ac32b1f724117afc02"}
,"/Users/lukashirt/projects/file-picker/src/helpers/resources.js": {"path":"/Users/lukashirt/projects/file-picker/src/helpers/resources.js","statementMap":{"0":{"start":{"line":7,"column":12},"end":{"line":7,"column":14}},"1":{"start":{"line":8,"column":13},"end":{"line":8,"column":44}},"2":{"start":{"line":9,"column":2},"end":{"line":11,"column":3}},"3":{"start":{"line":10,"column":4},"end":{"line":10,"column":25}},"4":{"start":{"line":12,"column":2},"end":{"line":12,"column":12}},"5":{"start":{"line":16,"column":14},"end":{"line":16,"column":68}},"6":{"start":{"line":17,"column":2},"end":{"line":98,"column":3}},"7":{"start":{"line":27,"column":6},"end":{"line":31,"column":7}},"8":{"start":{"line":28,"column":8},"end":{"line":28,"column":64}},"9":{"start":{"line":30,"column":8},"end":{"line":30,"column":58}},"10":{"start":{"line":34,"column":6},"end":{"line":34,"column":16}},"11":{"start":{"line":37,"column":23},"end":{"line":37,"column":69}},"12":{"start":{"line":37,"column":60},"end":{"line":37,"column":68}},"13":{"start":{"line":38,"column":6},"end":{"line":38,"column":71}},"14":{"start":{"line":41,"column":23},"end":{"line":41,"column":69}},"15":{"start":{"line":41,"column":60},"end":{"line":41,"column":68}},"16":{"start":{"line":42,"column":19},"end":{"line":42,"column":77}},"17":{"start":{"line":45,"column":6},"end":{"line":47,"column":7}},"18":{"start":{"line":46,"column":8},"end":{"line":46,"column":62}},"19":{"start":{"line":48,"column":6},"end":{"line":48,"column":17}},"20":{"start":{"line":56,"column":23},"end":{"line":56,"column":79}},"21":{"start":{"line":57,"column":6},"end":{"line":66,"column":7}},"22":{"start":{"line":58,"column":8},"end":{"line":65,"column":18}},"23":{"start":{"line":61,"column":14},"end":{"line":62,"column":62}},"24":{"start":{"line":64,"column":27},"end":{"line":64,"column":78}},"25":{"start":{"line":67,"column":6},"end":{"line":67,"column":29}},"26":{"start":{"line":75,"column":6},"end":{"line":75,"column":47}},"27":{"start":{"line":78,"column":6},"end":{"line":78,"column":35}},"28":{"start":{"line":81,"column":6},"end":{"line":81,"column":47}},"29":{"start":{"line":84,"column":6},"end":{"line":84,"column":47}},"30":{"start":{"line":87,"column":6},"end":{"line":87,"column":47}},"31":{"start":{"line":90,"column":6},"end":{"line":90,"column":47}},"32":{"start":{"line":93,"column":6},"end":{"line":93,"column":47}},"33":{"start":{"line":96,"column":6},"end":{"line":96,"column":47}},"34":{"start":{"line":102,"column":2},"end":{"line":108,"column":3}},"35":{"start":{"line":103,"column":4},"end":{"line":105,"column":5}},"36":{"start":{"line":104,"column":6},"end":{"line":104,"column":21}},"37":{"start":{"line":106,"column":17},"end":{"line":106,"column":71}},"38":{"start":{"line":107,"column":4},"end":{"line":107,"column":30}},"39":{"start":{"line":107,"column":14},"end":{"line":107,"column":30}},"40":{"start":{"line":109,"column":2},"end":{"line":109,"column":28}},"41":{"start":{"line":113,"column":2},"end":{"line":115,"column":3}},"42":{"start":{"line":114,"column":4},"end":{"line":114,"column":13}},"43":{"start":{"line":117,"column":2},"end":{"line":119,"column":3}},"44":{"start":{"line":118,"column":4},"end":{"line":118,"column":14}},"45":{"start":{"line":121,"column":13},"end":{"line":121,"column":20}},"46":{"start":{"line":124,"column":2},"end":{"line":126,"column":4}}},"fnMap":{"0":{"name":"_extName","decl":{"start":{"line":6,"column":9},"end":{"line":6,"column":17}},"loc":{"start":{"line":6,"column":28},"end":{"line":13,"column":1}},"line":6},"1":{"name":"buildResource","decl":{"start":{"line":15,"column":16},"end":{"line":15,"column":29}},"loc":{"start":{"line":15,"column":40},"end":{"line":99,"column":1}},"line":15},"2":{"name":"(anonymous_2)","decl":{"start":{"line":26,"column":11},"end":{"line":26,"column":12}},"loc":{"start":{"line":26,"column":22},"end":{"line":32,"column":5}},"line":26},"3":{"name":"(anonymous_3)","decl":{"start":{"line":33,"column":16},"end":{"line":33,"column":17}},"loc":{"start":{"line":33,"column":27},"end":{"line":35,"column":5}},"line":33},"4":{"name":"(anonymous_4)","decl":{"start":{"line":36,"column":11},"end":{"line":36,"column":12}},"loc":{"start":{"line":36,"column":22},"end":{"line":39,"column":5}},"line":36},"5":{"name":"(anonymous_5)","decl":{"start":{"line":37,"column":55},"end":{"line":37,"column":56}},"loc":{"start":{"line":37,"column":60},"end":{"line":37,"column":68}},"line":37},"6":{"name":"(anonymous_6)","decl":{"start":{"line":40,"column":15},"end":{"line":40,"column":16}},"loc":{"start":{"line":40,"column":26},"end":{"line":49,"column":5}},"line":40},"7":{"name":"(anonymous_7)","decl":{"start":{"line":41,"column":55},"end":{"line":41,"column":56}},"loc":{"start":{"line":41,"column":60},"end":{"line":41,"column":68}},"line":41},"8":{"name":"(anonymous_8)","decl":{"start":{"line":55,"column":17},"end":{"line":55,"column":18}},"loc":{"start":{"line":55,"column":28},"end":{"line":68,"column":5}},"line":55},"9":{"name":"(anonymous_9)","decl":{"start":{"line":60,"column":12},"end":{"line":60,"column":13}},"loc":{"start":{"line":61,"column":14},"end":{"line":62,"column":62}},"line":61},"10":{"name":"(anonymous_10)","decl":{"start":{"line":64,"column":15},"end":{"line":64,"column":16}},"loc":{"start":{"line":64,"column":27},"end":{"line":64,"column":78}},"line":64},"11":{"name":"(anonymous_11)","decl":{"start":{"line":74,"column":15},"end":{"line":74,"column":16}},"loc":{"start":{"line":74,"column":26},"end":{"line":76,"column":5}},"line":74},"12":{"name":"(anonymous_12)","decl":{"start":{"line":77,"column":17},"end":{"line":77,"column":18}},"loc":{"start":{"line":77,"column":28},"end":{"line":79,"column":5}},"line":77},"13":{"name":"(anonymous_13)","decl":{"start":{"line":80,"column":18},"end":{"line":80,"column":19}},"loc":{"start":{"line":80,"column":29},"end":{"line":82,"column":5}},"line":80},"14":{"name":"(anonymous_14)","decl":{"start":{"line":83,"column":15},"end":{"line":83,"column":16}},"loc":{"start":{"line":83,"column":26},"end":{"line":85,"column":5}},"line":83},"15":{"name":"(anonymous_15)","decl":{"start":{"line":86,"column":14},"end":{"line":86,"column":15}},"loc":{"start":{"line":86,"column":25},"end":{"line":88,"column":5}},"line":86},"16":{"name":"(anonymous_16)","decl":{"start":{"line":89,"column":15},"end":{"line":89,"column":16}},"loc":{"start":{"line":89,"column":26},"end":{"line":91,"column":5}},"line":89},"17":{"name":"(anonymous_17)","decl":{"start":{"line":92,"column":15},"end":{"line":92,"column":16}},"loc":{"start":{"line":92,"column":26},"end":{"line":94,"column":5}},"line":92},"18":{"name":"(anonymous_18)","decl":{"start":{"line":95,"column":21},"end":{"line":95,"column":22}},"loc":{"start":{"line":95,"column":32},"end":{"line":97,"column":5}},"line":95},"19":{"name":"getResourceIcon","decl":{"start":{"line":101,"column":16},"end":{"line":101,"column":31}},"loc":{"start":{"line":101,"column":42},"end":{"line":110,"column":1}},"line":101},"20":{"name":"getResourceSize","decl":{"start":{"line":112,"column":16},"end":{"line":112,"column":31}},"loc":{"start":{"line":112,"column":38},"end":{"line":127,"column":1}},"line":112}},"branchMap":{"0":{"loc":{"start":{"line":9,"column":2},"end":{"line":11,"column":3}},"type":"if","locations":[{"start":{"line":9,"column":2},"end":{"line":11,"column":3}},{"start":{"line":9,"column":2},"end":{"line":11,"column":3}}],"line":9},"1":{"loc":{"start":{"line":16,"column":14},"end":{"line":16,"column":68}},"type":"cond-expr","locations":[{"start":{"line":16,"column":40},"end":{"line":16,"column":63}},{"start":{"line":16,"column":66},"end":{"line":16,"column":68}}],"line":16},"2":{"loc":{"start":{"line":18,"column":10},"end":{"line":18,"column":60}},"type":"cond-expr","locations":[{"start":{"line":18,"column":36},"end":{"line":18,"column":44}},{"start":{"line":18,"column":47},"end":{"line":18,"column":60}}],"line":18},"3":{"loc":{"start":{"line":27,"column":6},"end":{"line":31,"column":7}},"type":"if","locations":[{"start":{"line":27,"column":6},"end":{"line":31,"column":7}},{"start":{"line":27,"column":6},"end":{"line":31,"column":7}}],"line":27},"4":{"loc":{"start":{"line":38,"column":13},"end":{"line":38,"column":71}},"type":"cond-expr","locations":[{"start":{"line":38,"column":37},"end":{"line":38,"column":39}},{"start":{"line":38,"column":42},"end":{"line":38,"column":71}}],"line":38},"5":{"loc":{"start":{"line":42,"column":19},"end":{"line":42,"column":77}},"type":"cond-expr","locations":[{"start":{"line":42,"column":43},"end":{"line":42,"column":45}},{"start":{"line":42,"column":48},"end":{"line":42,"column":77}}],"line":42},"6":{"loc":{"start":{"line":45,"column":6},"end":{"line":47,"column":7}},"type":"if","locations":[{"start":{"line":45,"column":6},"end":{"line":47,"column":7}},{"start":{"line":45,"column":6},"end":{"line":47,"column":7}}],"line":45},"7":{"loc":{"start":{"line":51,"column":17},"end":{"line":51,"column":79}},"type":"binary-expr","locations":[{"start":{"line":51,"column":17},"end":{"line":51,"column":73}},{"start":{"line":51,"column":77},"end":{"line":51,"column":79}}],"line":51},"8":{"loc":{"start":{"line":57,"column":6},"end":{"line":66,"column":7}},"type":"if","locations":[{"start":{"line":57,"column":6},"end":{"line":66,"column":7}},{"start":{"line":57,"column":6},"end":{"line":66,"column":7}}],"line":57},"9":{"loc":{"start":{"line":61,"column":14},"end":{"line":62,"column":62}},"type":"binary-expr","locations":[{"start":{"line":61,"column":14},"end":{"line":61,"column":64}},{"start":{"line":62,"column":14},"end":{"line":62,"column":62}}],"line":61},"10":{"loc":{"start":{"line":64,"column":36},"end":{"line":64,"column":73}},"type":"binary-expr","locations":[{"start":{"line":64,"column":36},"end":{"line":64,"column":56}},{"start":{"line":64,"column":60},"end":{"line":64,"column":73}}],"line":64},"11":{"loc":{"start":{"line":67,"column":13},"end":{"line":67,"column":29}},"type":"binary-expr","locations":[{"start":{"line":67,"column":13},"end":{"line":67,"column":23}},{"start":{"line":67,"column":27},"end":{"line":67,"column":29}}],"line":67},"12":{"loc":{"start":{"line":102,"column":2},"end":{"line":108,"column":3}},"type":"if","locations":[{"start":{"line":102,"column":2},"end":{"line":108,"column":3}},{"start":{"line":102,"column":2},"end":{"line":108,"column":3}}],"line":102},"13":{"loc":{"start":{"line":103,"column":4},"end":{"line":105,"column":5}},"type":"if","locations":[{"start":{"line":103,"column":4},"end":{"line":105,"column":5}},{"start":{"line":103,"column":4},"end":{"line":105,"column":5}}],"line":103},"14":{"loc":{"start":{"line":107,"column":4},"end":{"line":107,"column":30}},"type":"if","locations":[{"start":{"line":107,"column":4},"end":{"line":107,"column":30}},{"start":{"line":107,"column":4},"end":{"line":107,"column":30}}],"line":107},"15":{"loc":{"start":{"line":113,"column":2},"end":{"line":115,"column":3}},"type":"if","locations":[{"start":{"line":113,"column":2},"end":{"line":115,"column":3}},{"start":{"line":113,"column":2},"end":{"line":115,"column":3}}],"line":113},"16":{"loc":{"start":{"line":117,"column":2},"end":{"line":119,"column":3}},"type":"if","locations":[{"start":{"line":117,"column":2},"end":{"line":119,"column":3}},{"start":{"line":117,"column":2},"end":{"line":119,"column":3}}],"line":117},"17":{"loc":{"start":{"line":125,"column":11},"end":{"line":125,"column":28}},"type":"cond-expr","locations":[{"start":{"line":125,"column":23},"end":{"line":125,"column":24}},{"start":{"line":125,"column":27},"end":{"line":125,"column":28}}],"line":125}},"s":{"0":3,"1":3,"2":3,"3":3,"4":3,"5":12,"6":12,"7":12,"8":9,"9":3,"10":12,"11":12,"12":21,"13":12,"14":12,"15":21,"16":12,"17":12,"18":3,"19":9,"20":12,"21":12,"22":0,"23":0,"24":0,"25":12,"26":0,"27":0,"28":0,"29":0,"30":12,"31":0,"32":0,"33":0,"34":9,"35":9,"36":7,"37":2,"38":2,"39":2,"40":0,"41":9,"42":0,"43":9,"44":0,"45":9,"46":9},"f":{"0":3,"1":12,"2":12,"3":12,"4":12,"5":21,"6":12,"7":21,"8":12,"9":0,"10":0,"11":0,"12":0,"13":0,"14":0,"15":12,"16":0,"17":0,"18":0,"19":9,"20":9},"b":{"0":[3,0],"1":[3,9],"2":[9,3],"3":[9,3],"4":[3,9],"5":[3,9],"6":[3,9],"7":[12,0],"8":[0,12],"9":[0,0],"10":[0,0],"11":[12,12],"12":[9,0],"13":[7,2],"14":[2,0],"15":[0,9],"16":[0,9],"17":[3,6]},"_coverageSchema":"43e27e138ebf9cfc5966b082cf9a028302ed4184","hash":"35f2fd9c34b0bc07e13d21f115133904846add58"}
,"/Users/lukashirt/projects/file-picker/src/helpers/sort.js": {"path":"/Users/lukashirt/projects/file-picker/src/helpers/sort.js","statementMap":{"0":{"start":{"line":4,"column":2},"end":{"line":6,"column":3}},"1":{"start":{"line":5,"column":4},"end":{"line":5,"column":13}},"2":{"start":{"line":8,"column":2},"end":{"line":10,"column":3}},"3":{"start":{"line":9,"column":4},"end":{"line":9,"column":12}},"4":{"start":{"line":12,"column":2},"end":{"line":12,"column":59}}},"fnMap":{"0":{"name":"sortByName","decl":{"start":{"line":3,"column":16},"end":{"line":3,"column":26}},"loc":{"start":{"line":3,"column":49},"end":{"line":13,"column":1}},"line":3}},"branchMap":{"0":{"loc":{"start":{"line":4,"column":2},"end":{"line":6,"column":3}},"type":"if","locations":[{"start":{"line":4,"column":2},"end":{"line":6,"column":3}},{"start":{"line":4,"column":2},"end":{"line":6,"column":3}}],"line":4},"1":{"loc":{"start":{"line":4,"column":6},"end":{"line":4,"column":64}},"type":"binary-expr","locations":[{"start":{"line":4,"column":6},"end":{"line":4,"column":33}},{"start":{"line":4,"column":37},"end":{"line":4,"column":64}}],"line":4},"2":{"loc":{"start":{"line":8,"column":2},"end":{"line":10,"column":3}},"type":"if","locations":[{"start":{"line":8,"column":2},"end":{"line":10,"column":3}},{"start":{"line":8,"column":2},"end":{"line":10,"column":3}}],"line":8},"3":{"loc":{"start":{"line":8,"column":6},"end":{"line":8,"column":64}},"type":"binary-expr","locations":[{"start":{"line":8,"column":6},"end":{"line":8,"column":33}},{"start":{"line":8,"column":37},"end":{"line":8,"column":64}}],"line":8}},"s":{"0":7,"1":0,"2":7,"3":3,"4":4},"f":{"0":7},"b":{"0":[0,7],"1":[7,4],"2":[3,4],"3":[7,3]},"_coverageSchema":"43e27e138ebf9cfc5966b082cf9a028302ed4184","hash":"6f96bacc92c89e1288ace1faf248b5c4abd15c3a"}
,"/Users/lukashirt/projects/file-picker/src/helpers/textUtils.js": {"path":"/Users/lukashirt/projects/file-picker/src/helpers/textUtils.js","statementMap":{"0":{"start":{"line":3,"column":13},"end":{"line":3,"column":15}},"1":{"start":{"line":4,"column":10},"end":{"line":4,"column":11}},"2":{"start":{"line":5,"column":10},"end":{"line":5,"column":12}},"3":{"start":{"line":6,"column":10},"end":{"line":6,"column":11}},"4":{"start":{"line":9,"column":2},"end":{"line":21,"column":3}},"5":{"start":{"line":10,"column":4},"end":{"line":10,"column":19}},"6":{"start":{"line":12,"column":14},"end":{"line":12,"column":57}},"7":{"start":{"line":13,"column":4},"end":{"line":18,"column":5}},"8":{"start":{"line":15,"column":6},"end":{"line":15,"column":9}},"9":{"start":{"line":16,"column":6},"end":{"line":16,"column":16}},"10":{"start":{"line":17,"column":6},"end":{"line":17,"column":11}},"11":{"start":{"line":19,"column":4},"end":{"line":19,"column":14}},"12":{"start":{"line":20,"column":4},"end":{"line":20,"column":7}},"13":{"start":{"line":22,"column":2},"end":{"line":22,"column":11}},"14":{"start":{"line":33,"column":13},"end":{"line":33,"column":25}},"15":{"start":{"line":34,"column":13},"end":{"line":34,"column":25}},"16":{"start":{"line":37,"column":2},"end":{"line":54,"column":3}},"17":{"start":{"line":38,"column":4},"end":{"line":53,"column":5}},"18":{"start":{"line":39,"column":6},"end":{"line":39,"column":26}},"19":{"start":{"line":40,"column":6},"end":{"line":40,"column":26}},"20":{"start":{"line":43,"column":6},"end":{"line":52,"column":7}},"21":{"start":{"line":44,"column":8},"end":{"line":44,"column":26}},"22":{"start":{"line":51,"column":8},"end":{"line":51,"column":47}},"23":{"start":{"line":55,"column":2},"end":{"line":55,"column":30}}},"fnMap":{"0":{"name":"_chunkify","decl":{"start":{"line":1,"column":9},"end":{"line":1,"column":18}},"loc":{"start":{"line":1,"column":22},"end":{"line":23,"column":1}},"line":1},"1":{"name":"naturalSortCompare","decl":{"start":{"line":32,"column":16},"end":{"line":32,"column":34}},"loc":{"start":{"line":32,"column":41},"end":{"line":56,"column":1}},"line":32}},"branchMap":{"0":{"loc":{"start":{"line":12,"column":14},"end":{"line":12,"column":57}},"type":"binary-expr","locations":[{"start":{"line":12,"column":15},"end":{"line":12,"column":17}},{"start":{"line":12,"column":21},"end":{"line":12,"column":30}},{"start":{"line":12,"column":36},"end":{"line":12,"column":44}},{"start":{"line":12,"column":48},"end":{"line":12,"column":56}}],"line":12},"1":{"loc":{"start":{"line":13,"column":4},"end":{"line":18,"column":5}},"type":"if","locations":[{"start":{"line":13,"column":4},"end":{"line":18,"column":5}},{"start":{"line":13,"column":4},"end":{"line":18,"column":5}}],"line":13},"2":{"loc":{"start":{"line":37,"column":14},"end":{"line":37,"column":28}},"type":"binary-expr","locations":[{"start":{"line":37,"column":14},"end":{"line":37,"column":19}},{"start":{"line":37,"column":23},"end":{"line":37,"column":28}}],"line":37},"3":{"loc":{"start":{"line":38,"column":4},"end":{"line":53,"column":5}},"type":"if","locations":[{"start":{"line":38,"column":4},"end":{"line":53,"column":5}},{"start":{"line":38,"column":4},"end":{"line":53,"column":5}}],"line":38},"4":{"loc":{"start":{"line":43,"column":6},"end":{"line":52,"column":7}},"type":"if","locations":[{"start":{"line":43,"column":6},"end":{"line":52,"column":7}},{"start":{"line":43,"column":6},"end":{"line":52,"column":7}}],"line":43},"5":{"loc":{"start":{"line":43,"column":10},"end":{"line":43,"column":40}},"type":"binary-expr","locations":[{"start":{"line":43,"column":10},"end":{"line":43,"column":23}},{"start":{"line":43,"column":27},"end":{"line":43,"column":40}}],"line":43}},"s":{"0":8,"1":8,"2":8,"3":8,"4":8,"5":54,"6":54,"7":54,"8":7,"9":7,"10":7,"11":54,"12":54,"13":8,"14":4,"15":4,"16":4,"17":3,"18":3,"19":3,"20":3,"21":0,"22":3,"23":1},"f":{"0":8,"1":4},"b":{"0":[54,54,54,54],"1":[7,47],"2":[4,4],"3":[3,0],"4":[0,3],"5":[3,0]},"_coverageSchema":"43e27e138ebf9cfc5966b082cf9a028302ed4184","hash":"010726882a31fef2542e0d0b81faf11dde0fcc58"}
}
