TN:
SF:/Users/lukashirt/projects/file-picker/src/App.vue
FN:44,(anonymous_1)
FN:49,(anonymous_2)
FN:58,(anonymous_3)
FN:64,(anonymous_4)
FN:68,(anonymous_5)
FN:73,(anonymous_6)
FN:92,(anonymous_7)
FN:105,(anonymous_8)
FN:113,(anonymous_9)
FN:118,(anonymous_10)
FN:122,(anonymous_11)
FNF:11
FNH:0
FNDA:0,(anonymous_1)
FNDA:0,(anonymous_2)
FNDA:0,(anonymous_3)
FNDA:0,(anonymous_4)
FNDA:0,(anonymous_5)
FNDA:0,(anonymous_6)
FNDA:0,(anonymous_7)
FNDA:0,(anonymous_8)
FNDA:0,(anonymous_9)
FNDA:0,(anonymous_10)
FNDA:0,(anonymous_11)
DA:21,0
DA:22,0
DA:23,0
DA:24,0
DA:25,0
DA:29,0
DA:30,0
DA:44,0
DA:49,0
DA:58,0
DA:65,0
DA:69,0
DA:74,0
DA:77,0
DA:87,0
DA:89,0
DA:94,0
DA:95,0
DA:97,0
DA:98,0
DA:101,0
DA:102,0
DA:106,0
DA:107,0
DA:110,0
DA:113,0
DA:114,0
DA:119,0
DA:123,0
LF:29
LH:0
BRDA:44,0,0,0
BRDA:44,0,1,0
BRDA:74,1,0,0
BRDA:74,1,1,0
BRDA:97,2,0,0
BRDA:97,2,1,0
BRDA:106,3,0,0
BRDA:106,3,1,0
BRF:8
BRH:0
end_of_record
TN:
SF:/Users/lukashirt/projects/file-picker/src/vue.js
FNF:0
FNH:0
DA:3,0
DA:4,0
LF:2
LH:0
BRF:0
BRH:0
end_of_record
TN:
SF:/Users/lukashirt/projects/file-picker/src/components/FilePicker.vue
FN:48,(anonymous_1)
FN:52,(anonymous_2)
FN:74,(anonymous_3)
FN:78,(anonymous_4)
FN:82,(anonymous_5)
FN:87,(anonymous_6)
FN:92,(anonymous_7)
FN:94,(anonymous_8)
FN:97,(anonymous_9)
FN:101,(anonymous_10)
FN:108,(anonymous_11)
FN:112,(anonymous_12)
FNF:12
FNH:10
FNDA:2,(anonymous_1)
FNDA:2,(anonymous_2)
FNDA:3,(anonymous_3)
FNDA:2,(anonymous_4)
FNDA:3,(anonymous_5)
FNDA:2,(anonymous_6)
FNDA:2,(anonymous_7)
FNDA:2,(anonymous_8)
FNDA:8,(anonymous_9)
FNDA:0,(anonymous_10)
FNDA:0,(anonymous_11)
FNDA:1,(anonymous_12)
DA:32,1
DA:33,1
DA:34,1
DA:48,2
DA:52,2
DA:75,3
DA:79,2
DA:83,3
DA:88,2
DA:93,2
DA:94,2
DA:97,10
DA:98,2
DA:99,2
DA:100,2
DA:103,0
DA:104,0
DA:109,0
DA:113,1
LF:19
LH:16
BRDA:48,0,0,2
BRDA:48,0,1,0
BRDA:75,1,0,3
BRDA:75,1,1,3
BRF:4
BRH:3
end_of_record
TN:
SF:/Users/lukashirt/projects/file-picker/src/components/ListHeader.vue
FN:29,(anonymous_1)
FN:47,(anonymous_2)
FN:51,(anonymous_3)
FN:71,(anonymous_4)
FN:78,(anonymous_5)
FN:86,(anonymous_6)
FN:96,(anonymous_7)
FN:100,(anonymous_8)
FNF:8
FNH:4
FNDA:0,(anonymous_1)
FNDA:5,(anonymous_2)
FNDA:0,(anonymous_3)
FNDA:0,(anonymous_4)
FNDA:4,(anonymous_5)
FNDA:3,(anonymous_6)
FNDA:0,(anonymous_7)
FNDA:1,(anonymous_8)
DA:20,2
DA:29,0
DA:48,5
DA:51,0
DA:55,5
DA:56,2
DA:59,3
DA:61,3
DA:62,2
DA:64,2
DA:65,1
DA:68,2
DA:71,0
DA:75,3
DA:79,4
DA:80,2
DA:83,2
DA:87,3
DA:88,0
DA:91,3
DA:97,0
DA:101,1
LF:22
LH:17
BRDA:55,0,0,2
BRDA:55,0,1,3
BRDA:59,1,0,1
BRDA:59,1,1,2
BRDA:64,2,0,1
BRDA:64,2,1,1
BRDA:79,3,0,2
BRDA:79,3,1,2
BRDA:87,4,0,0
BRDA:87,4,1,3
BRDA:88,5,0,0
BRDA:88,5,1,0
BRF:12
BRH:9
end_of_record
TN:
SF:/Users/lukashirt/projects/file-picker/src/components/ListResources.vue
FN:67,(anonymous_1)
FN:72,(anonymous_2)
FN:78,(anonymous_3)
FN:83,(anonymous_4)
FN:102,(anonymous_5)
FN:106,(anonymous_6)
FN:110,(anonymous_7)
FN:118,(anonymous_8)
FN:132,(anonymous_9)
FN:136,(anonymous_10)
FNF:10
FNH:9
FNDA:3,(anonymous_1)
FNDA:3,(anonymous_2)
FNDA:1,(anonymous_3)
FNDA:0,(anonymous_4)
FNDA:12,(anonymous_5)
FNDA:24,(anonymous_6)
FNDA:12,(anonymous_7)
FNDA:12,(anonymous_8)
FNDA:3,(anonymous_9)
FNDA:1,(anonymous_10)
DA:43,2
DA:44,2
DA:45,2
DA:67,3
DA:73,3
DA:79,1
DA:80,1
DA:84,0
DA:85,0
DA:88,0
DA:90,0
DA:94,0
DA:99,0
DA:103,12
DA:107,24
DA:111,12
DA:112,0
DA:115,12
DA:119,12
DA:121,12
DA:122,3
DA:125,12
DA:129,12
DA:133,3
DA:137,1
DA:138,1
LF:26
LH:19
BRDA:84,0,0,0
BRDA:84,0,1,0
BRDA:88,1,0,0
BRDA:88,1,1,0
BRDA:90,2,0,0
BRDA:90,2,1,0
BRDA:94,3,0,0
BRDA:94,3,1,0
BRDA:111,4,0,0
BRDA:111,4,1,12
BRDA:112,5,0,0
BRDA:112,5,1,0
BRDA:121,6,0,3
BRDA:121,6,1,9
BRDA:125,7,0,2
BRDA:125,7,1,10
BRF:16
BRH:5
end_of_record
TN:
SF:/Users/lukashirt/projects/file-picker/src/components/Login.vue
FN:27,(anonymous_1)
FN:33,(anonymous_2)
FNF:2
FNH:0
FNDA:0,(anonymous_1)
FNDA:0,(anonymous_2)
DA:21,0
DA:28,0
DA:34,0
LF:3
LH:0
BRF:0
BRH:0
end_of_record
TN:
SF:/Users/lukashirt/projects/file-picker/src/components/Resource.vue
FN:47,(anonymous_1)
FN:51,(anonymous_2)
FN:55,(anonymous_3)
FN:61,(anonymous_4)
FN:66,(anonymous_5)
FN:75,(anonymous_6)
FN:79,(anonymous_7)
FN:83,(anonymous_8)
FNF:8
FNH:5
FNDA:9,(anonymous_1)
FNDA:9,(anonymous_2)
FNDA:0,(anonymous_3)
FNDA:0,(anonymous_4)
FNDA:9,(anonymous_5)
FNDA:9,(anonymous_6)
FNDA:9,(anonymous_7)
FNDA:0,(anonymous_8)
DA:33,2
DA:34,2
DA:48,9
DA:52,9
DA:56,0
DA:58,0
DA:62,0
DA:67,9
DA:68,0
DA:70,9
DA:76,9
DA:80,9
DA:84,0
DA:85,0
DA:88,0
LF:15
LH:8
BRDA:67,0,0,0
BRDA:67,0,1,9
BRDA:84,1,0,0
BRDA:84,1,1,0
BRF:4
BRH:1
end_of_record
TN:
SF:/Users/lukashirt/projects/file-picker/src/helpers/date.js
FN:8,formDateFromNow
FNF:1
FNH:1
FNDA:9,formDateFromNow
DA:6,2
DA:9,9
LF:2
LH:2
BRDA:6,0,0,2
BRDA:6,0,1,0
BRF:2
BRH:1
end_of_record
TN:
SF:/Users/lukashirt/projects/file-picker/src/helpers/resources.js
FN:6,_extName
FN:15,buildResource
FN:26,(anonymous_2)
FN:33,(anonymous_3)
FN:36,(anonymous_4)
FN:37,(anonymous_5)
FN:40,(anonymous_6)
FN:41,(anonymous_7)
FN:55,(anonymous_8)
FN:60,(anonymous_9)
FN:64,(anonymous_10)
FN:74,(anonymous_11)
FN:77,(anonymous_12)
FN:80,(anonymous_13)
FN:83,(anonymous_14)
FN:86,(anonymous_15)
FN:89,(anonymous_16)
FN:92,(anonymous_17)
FN:95,(anonymous_18)
FN:101,getResourceIcon
FN:112,getResourceSize
FNF:21
FNH:12
FNDA:3,_extName
FNDA:12,buildResource
FNDA:12,(anonymous_2)
FNDA:12,(anonymous_3)
FNDA:12,(anonymous_4)
FNDA:21,(anonymous_5)
FNDA:12,(anonymous_6)
FNDA:21,(anonymous_7)
FNDA:12,(anonymous_8)
FNDA:0,(anonymous_9)
FNDA:0,(anonymous_10)
FNDA:0,(anonymous_11)
FNDA:0,(anonymous_12)
FNDA:0,(anonymous_13)
FNDA:0,(anonymous_14)
FNDA:12,(anonymous_15)
FNDA:0,(anonymous_16)
FNDA:0,(anonymous_17)
FNDA:0,(anonymous_18)
FNDA:9,getResourceIcon
FNDA:9,getResourceSize
DA:7,3
DA:8,3
DA:9,3
DA:10,3
DA:12,3
DA:16,12
DA:17,12
DA:27,12
DA:28,9
DA:30,3
DA:34,12
DA:37,21
DA:38,12
DA:41,21
DA:42,12
DA:45,12
DA:46,3
DA:48,9
DA:56,12
DA:57,12
DA:58,0
DA:61,0
DA:64,0
DA:67,12
DA:75,0
DA:78,0
DA:81,0
DA:84,0
DA:87,12
DA:90,0
DA:93,0
DA:96,0
DA:102,9
DA:103,9
DA:104,7
DA:106,2
DA:107,2
DA:109,0
DA:113,9
DA:114,0
DA:117,9
DA:118,0
DA:121,9
DA:124,9
LF:44
LH:31
BRDA:9,0,0,3
BRDA:9,0,1,0
BRDA:16,1,0,3
BRDA:16,1,1,9
BRDA:18,2,0,9
BRDA:18,2,1,3
BRDA:27,3,0,9
BRDA:27,3,1,3
BRDA:38,4,0,3
BRDA:38,4,1,9
BRDA:42,5,0,3
BRDA:42,5,1,9
BRDA:45,6,0,3
BRDA:45,6,1,9
BRDA:51,7,0,12
BRDA:51,7,1,0
BRDA:57,8,0,0
BRDA:57,8,1,12
BRDA:61,9,0,0
BRDA:61,9,1,0
BRDA:64,10,0,0
BRDA:64,10,1,0
BRDA:67,11,0,12
BRDA:67,11,1,12
BRDA:102,12,0,9
BRDA:102,12,1,0
BRDA:103,13,0,7
BRDA:103,13,1,2
BRDA:107,14,0,2
BRDA:107,14,1,0
BRDA:113,15,0,0
BRDA:113,15,1,9
BRDA:117,16,0,0
BRDA:117,16,1,9
BRDA:125,17,0,3
BRDA:125,17,1,6
BRF:36
BRH:25
end_of_record
TN:
SF:/Users/lukashirt/projects/file-picker/src/helpers/sort.js
FN:3,sortByName
FNF:1
FNH:1
FNDA:7,sortByName
DA:4,7
DA:5,0
DA:8,7
DA:9,3
DA:12,4
LF:5
LH:4
BRDA:4,0,0,0
BRDA:4,0,1,7
BRDA:4,1,0,7
BRDA:4,1,1,4
BRDA:8,2,0,3
BRDA:8,2,1,4
BRDA:8,3,0,7
BRDA:8,3,1,3
BRF:8
BRH:7
end_of_record
TN:
SF:/Users/lukashirt/projects/file-picker/src/helpers/textUtils.js
FN:1,_chunkify
FN:32,naturalSortCompare
FNF:2
FNH:2
FNDA:8,_chunkify
FNDA:4,naturalSortCompare
DA:3,8
DA:4,8
DA:5,8
DA:6,8
DA:9,8
DA:10,54
DA:12,54
DA:13,54
DA:15,7
DA:16,7
DA:17,7
DA:19,54
DA:20,54
DA:22,8
DA:33,4
DA:34,4
DA:37,4
DA:38,3
DA:39,3
DA:40,3
DA:43,3
DA:44,0
DA:51,3
DA:55,1
LF:24
LH:23
BRDA:12,0,0,54
BRDA:12,0,1,54
BRDA:12,0,2,54
BRDA:12,0,3,54
BRDA:13,1,0,7
BRDA:13,1,1,47
BRDA:37,2,0,4
BRDA:37,2,1,4
BRDA:38,3,0,3
BRDA:38,3,1,0
BRDA:43,4,0,0
BRDA:43,4,1,3
BRDA:43,5,0,3
BRDA:43,5,1,0
BRF:14
BRH:11
end_of_record
